[luckyforlife.us/index.html]
[backblue.gif]
[fade.gif]
[index.html]
[luckyforlife.us/bundles/modernizr0cf5]
[luckyforlife.us/Content/csse2f7.css]
[luckyforlife.us/Content/images/favicon.ico]
[luckyforlife.us/Content/Site.minad22.css]
[luckyforlife.us/Content/pages/banners/1/banner.jpg]
[luckyforlife.us/bundles/MsAjaxJs604f]
[luckyforlife.us/Scripts/jquery-3.5.1.min.js]
[luckyforlife.us/Scripts/bootstrap.min.js]
[luckyforlife.us/bundles/WebFormsJsa1eb]
[luckyforlife.us/Scripts/jquery.vmap.min.js]
[luckyforlife.us/Scripts/jquery.vmap.usa.js]
[luckyforlife.us/Scripts/jquery.main.min.js]
[luckyforlife.us/Scripts/jquery-ui.min.js]
[luckyforlife.us/Scripts/datatables.min.js]
[luckyforlife.us/Content/images/store.png]
[luckyforlife.us/how-to-play/index.html]
[luckyforlife.us/where-to-play/index.html]
[luckyforlife.us/Content/images/dollar_bill.png]
[luckyforlife.us/Content/images/numbers.png]
[luckyforlife.us/winning-numbers/index.html]
[luckyforlife.us/Content/images/chat_bubbles.png]
[luckyforlife.us/Content/images/icons_numbers.png]
[luckyforlife.us/frequently-asked-questions/index.html]
[luckyforlife.us/odds-and-prizes/index.html]
[luckyforlife.us/winners/index.html]
[i4.ytimg.com/vi/Eql6cgSGdxk/hqdefault.jpg]
[luckyforlife.us/top-prize-winners/index.html]
[luckyforlife.us/about/index.html]
[luckyforlife.us/play-responsibly/index.html]
[luckyforlife.us/Content/images/white_logo.png]
[luckyforlife.us/index.html]
[luckyforlife.us/contact/index.html]
[luckyforlife.us/privacy-policy/index.html]
[luckyforlife.us/terms-and-conditions/index.html]
[luckyforlife.us/Content/images/ui-icons_444444_256x240.html]
[luckyforlife.us/Content/images/ui-icons_555555_256x240.html]
[luckyforlife.us/Content/images/ui-icons_ffffff_256x240.html]
[luckyforlife.us/Content/images/ui-icons_777620_256x240.html]
[luckyforlife.us/Content/images/ui-icons_cc0000_256x240.html]
[luckyforlife.us/Content/images/ui-icons_777777_256x240.html]
[luckyforlife.us/Content/img/play.html]
[luckyforlife.us/Content/fonts/fontawesome/fontawesome-webfont3e6e.eot]
[luckyforlife.us/Content/fonts/fontawesome/fontawesome-webfontd41d.eot]
[luckyforlife.us/Content/fonts/fontawesome/fontawesome-webfont3e6e.html]
[luckyforlife.us/Content/fonts/fontawesome/fontawesome-webfont3e6e-2.html]
[luckyforlife.us/Content/fonts/fontawesome/fontawesome-webfont3e6e.ttf]
[luckyforlife.us/Content/csse2f7.css]
[luckyforlife.us/Content/images/bg_pattern.gif]
[luckyforlife.us/Content/images/LFL_whiteball.png]
[luckyforlife.us/Content/images/flat-color-social-icon.png]
[luckyforlife.us/Content/images/greendot.png]
[luckyforlife.us/Content/images/yellowdot.png]
[luckyforlife.us/Content/images/plussign.png]
[luckyforlife.us/Content/images/select-box-arrow.png]
[luckyforlife.us/Content/images/right-img.jpg]
[luckyforlife.us/Content/images/left-img.jpg]
[luckyforlife.us/Content/images/jcf-handle.png]
[luckyforlife.us/Content/fonts/icomoon/icomoond41d.eot]
[luckyforlife.us/Content/fonts/icomoon/icomoon.ttf]
[luckyforlife.us/Content/fonts/icomoon/icomoon.html]
[luckyforlife.us/Content/Site.minad22.css]
[luckyforlife.us/Scripts/jquery-3.5.1.min.js]
[luckyforlife.us/Scripts/bootstrap.min.js]
[luckyforlife.us/Scripts/jquery.vmap.min.js]
[luckyforlife.us/Scripts/jquery.vmap.usa.js]
[luckyforlife.us/Scripts/jquery.main.min.js]
[luckyforlife.us/Scripts/jquery-ui.min.js]
[luckyforlife.us/popper.html]
[luckyforlife.us/xl/worksheets/sheet1.html]
[luckyforlife.us/xl/workbook.html]
[luckyforlife.us/xl/styles.html]
[luckyforlife.us/[Content_Types].html]
[luckyforlife.us/Scripts/datatables.min.js]
[luckyforlife.us/buttons.html]
[luckyforlife.us/Content/pages/banners/3/banner.jpg]
[luckyforlife.us/how-to-play/index.html]
[luckyforlife.us/Content/pages/banners/8/banner.jpg]
[luckyforlife.us/where-to-play/index.html]
[luckyforlife.us/Content/pages/banners/9/banner.jpg]
[luckyforlife.us/Content/images/winning-number-search-arrow-56x56.png]
[luckyforlife.us/winning-numbers/index.html]
[luckyforlife.us/Content/pages/banners/4/banner.jpg]
[luckyforlife.us/frequently-asked-questions/index.html]
[luckyforlife.us/Content/pages/banners/6/banner.jpg]
[luckyforlife.us/odds-and-prizes/index.html]
[luckyforlife.us/Content/pages/banners/10/banner.jpg]
[luckyforlife.us/winners/index.html]
[luckyforlife.us/Content/pages/banners/7/banner.jpg]
[luckyforlife.us/top-prize-winners/index.html]
[luckyforlife.us/Content/pages/banners/2/banner.jpg]
[luckyforlife.us/about/index.html]
[luckyforlife.us/Content/pages/banners/5/banner.jpg]
[luckyforlife.us/play-responsibly/index.html]
[luckyforlife.us/Content/pages/versions/5/20210719084525/RG-Banner-01.html]
[luckyforlife.us/Content/pages/banners/11/banner.jpg]
[www.google.com/recaptcha/api8c9b.js]
[luckyforlife.us/contact/index.html]
[luckyforlife.us/Content/pages/banners/banner.jpg]
[luckyforlife.us/privacy-policy/index.html]
[luckyforlife.us/terms-and-conditions/index.html]
[luckyforlife.us/Content/images/ui-icons_444444_256x240.html]
[luckyforlife.us/Content/images/ui-icons_555555_256x240.html]
[luckyforlife.us/Content/images/ui-icons_ffffff_256x240.html]
[luckyforlife.us/Content/images/ui-icons_777620_256x240.html]
[luckyforlife.us/Content/images/ui-icons_cc0000_256x240.html]
[luckyforlife.us/Content/images/ui-icons_777777_256x240.html]
[luckyforlife.us/Content/img/play.html]
[luckyforlife.us/Content/fonts/fontawesome/fontawesome-webfont3e6e.html]
[luckyforlife.us/Content/fonts/fontawesome/fontawesome-webfont3e6e-2.html]
[luckyforlife.us/Content/fonts/fontawesome/fontawesome-webfont3e6e.svg]
[luckyforlife.us/Content/fonts/icomoon/icomoon.html]
[luckyforlife.us/Content/fonts/icomoon/icomoon.svg]
[luckyforlife.us/popper.html]
[luckyforlife.us/xl/worksheets/sheet1.html]
[luckyforlife.us/xl/workbook.html]
[luckyforlife.us/xl/styles.html]
[luckyforlife.us/[Content_Types].html]
[luckyforlife.us/buttons.html]
[luckyforlife.us/Content/pages/versions/5/20210719084525/RG-Banner-01.html]
